{"/Applications/MAMP/htdocs/javascript/src/provider/aliment.js":{"path":"/Applications/MAMP/htdocs/javascript/src/provider/aliment.js","s":{"1":1,"2":1,"3":1,"4":0,"5":1},"b":{},"f":{"1":1,"2":1,"3":0},"fnMap":{"1":{"name":"alimentProvider","line":1,"loc":{"start":{"line":1,"column":9},"end":{"line":1,"column":35}}},"2":{"name":"(anonymous_2)","line":5,"loc":{"start":{"line":5,"column":8},"end":{"line":5,"column":19}}},"3":{"name":"(anonymous_3)","line":12,"loc":{"start":{"line":12,"column":8},"end":{"line":12,"column":18}}}},"statementMap":{"1":{"start":{"line":1,"column":-15},"end":{"line":1,"column":-15}},"2":{"start":{"line":3,"column":4},"end":{"line":3,"column":4}},"3":{"start":{"line":6,"column":12},"end":{"line":6,"column":12}},"4":{"start":{"line":13,"column":12},"end":{"line":13,"column":12}},"5":{"start":{"line":21,"column":0},"end":{"line":21,"column":0}}},"branchMap":{}}}